<?xml version="1.0" encoding="UTF-8"?>
<testsuite xmlns:xsi="http://www.w3.org/2001/XMLSchema-instance" xsi:noNamespaceSchemaLocation="https://maven.apache.org/surefire/maven-surefire-plugin/xsd/surefire-test-report.xsd" name="com.sngular.devTrining2021.exercises.TestsCasesAlgorithmName" time="0.261" tests="2" errors="0" skipped="0" failures="0">
  <properties>
[...]
</properties>
  <testcase name="minMaxRandomTest" classname="com.sngular.devTrining2021.exercises.TestsCasesAlgorithmName" time="0.036"/>
  <testcase name="testExampleCases" classname="com.sngular.devTrining2021.exercises.TestsCasesAlgorithmName" time="0.015"/>
</testsuite>